   0.013 2017-11-06 18:45:16; Factorio 0.15.37 (build 30927, win64, alpha)
   0.013 Operating system: Windows 7 Service Pack 1
   0.013 Program arguments: "D:\Factorio_0.15.37\bin\x64\factorio.exe" 
   0.013 Read data path: D:/Factorio_0.15.37/data
   0.013 Write data path: D:/Factorio_0.15.37
   0.013 Binaries path: D:/Factorio_0.15.37/bin
   0.150 System info: [CPU:         Intel(R) Core(TM) i5-3470 CPU @ 3.20GHz, 4 cores, RAM: 3958MB]
   0.173 Display options: [FullScreen: 1] [VSync: 0] [UIScale: 100%] [MultiSampling: OFF] [Screen: 255] [Lang: zh-CN]
   0.181 Available display adapters: 1
   0.182  [0]: \\.\DISPLAY1 - NVIDIA GeForce GTX 460 v2 {0x05, [0,0], 1920x1080, 32bit, 60Hz}
   0.182 Create display on adapter 0. Size 1280x720 at position [310, 162].
   0.252 Initialised Direct3D:[0] NVIDIA GeForce GTX 460 v2; driver: nvd3dumx.dll 23.21.13.8792
   0.254     Video memory size (dedicated video/dedicated system/shared system/available): 976/0/1723/2692 MB
   0.308 DSound: Starting _dsound_update thread
   0.308 DSound: Enter _dsound_update; tid=996
   0.308 DSound: Enter _dsound_update; tid=996Device reset internal.
   0.310 Desktop composition is active.
   0.310 Graphics settings preset: medium
   0.311 Graphics options: [Graphics quality: normal] [Video memory usage: high] [Light scale: 25%] [DXT: false] [Shader: 1]
   1.056 Loading mod core 0.0.0 (data.lua)
   1.150 Loading mod base 0.15.37 (data.lua)
   1.691 Loading mod base 0.15.37 (data-updates.lua)
   1.775 Checksum for core: 2904504744
   1.775 Checksum of base: 1503927233
   2.160 Verbose ModManager.cpp:388: Time to load mods: 1.2361
   2.243 Info PlayerData.cpp:58: Local player-data.json available, timestamp 1509965114
   2.243 Info PlayerData.cpp:65: Cloud player-data.json unavailable
   2.602 Verbose ShaderHLSL.cpp:31: [PSVersion: 3.0, NumInstructionSlots: 512]
   2.629 Loaded shader file D:/Factorio_0.15.37/data/core/graphics/shaders/game.cso
   2.653 Loaded shader file D:/Factorio_0.15.37/data/core/graphics/shaders/zoom-to-world.cso
   2.676 Initial atlas bitmap size is 16384
   2.680 Created atlas bitmap 16384x5049
   3.328 Created atlas bitmap 8192x2034
   3.492 Created atlas bitmap 8192x1443
   3.519 Created atlas bitmap 4096x3648
   3.691 Created atlas bitmap 4096x1568
   3.705 Created atlas bitmap 4096x1868
  33.015 Sprites loaded
  33.029 Convert atlas 4096x3648 to: mipmap 
  34.401 Convert atlas 4096x1568 to: mipmap 
  34.646 Convert atlas 4096x1868 to: trilinear-filtering 
  35.690 Loading sounds...
  45.788 Custom inputs active: 0
  46.039 Factorio initialised
1413.427 Info BlueprintLibrary.cpp:49: Loaded external blueprint storage: playerIndex = 0, nextRecordID = 0; timestamp = 1509888174; records:
1413.971 Loading Level.dat: 1003114 bytes.
1413.971 Info Scenario.cpp:135: Map version 0.15.37-0
1414.037 Info BlueprintLibrary.cpp:226: Loaded library shelves:
1414.037 Info BlueprintLibrary.cpp:794: Game shelf: playerIndex = 65535, nextRecordID = 0; timestamp = 1509966527; records:
1414.037 Verbose Scenario.cpp:140: Loading level.dat finished.
1414.039 Info BlueprintLibrary.cpp:49: Loaded external blueprint storage: playerIndex = 0, nextRecordID = 0; timestamp = 1509888174; records:
1414.137 Checksum for script D:/Factorio_0.15.37/temp/currently-playing/control.lua: 282129324
1414.138 Verbose Scenario.cpp:250: Map setup finished.
2319.151 Verbose Scenario.cpp:496: Saving game as D:\Factorio_0.15.37\saves/_autosave2
2319.435 Info BlueprintShelf.cpp:683: Saving blueprint storage.
2319.513 Verbose Scenario.cpp:589: Time to save game: 0.362596
3219.790 Verbose Scenario.cpp:496: Saving game as D:\Factorio_0.15.37\saves/_autosave3
3220.252 Verbose Scenario.cpp:589: Time to save game: 0.461359
4120.566 Verbose Scenario.cpp:496: Saving game as D:\Factorio_0.15.37\saves/_autosave1
4120.880 Verbose Scenario.cpp:589: Time to save game: 0.314467
4171.693 DSound: Stopping voice
4171.693 DSound: Joining thread
4171.694 DSound: Exit _dsound_update; tid=996
4171.694 DSound: Waiting for voice to stop ... signaled
4171.695 DSound: Joined thread
4171.695 DSound: Destroying thread
4171.695 DSound: Thread destroyed
4171.695 DSound: Releasing buffer
4171.695 DSound: Voice stopped
4171.696 DSound: Deallocating voice
4171.696 DSound: Deallocated voice
4171.783 Goodbye
